<?xml version="1.0" encoding="UTF-8"?>
<!-- Generated by org.testng.reporters.JUnitReportReporter -->
<testsuite skipped="0" hostname="samco-cdc-lt032" name="in.samco.EmailFieldValidation.Emailfieldvalidation" tests="7" failures="0" timestamp="2021-03-19T19:50:32 IST" time="1.123" errors="0">
  <testcase name="validation" time="0.223" classname="in.samco.EmailFieldValidation.Emailfieldvalidation"/>
  <system-out/>
  <testcase name="validation" time="0.106" classname="in.samco.EmailFieldValidation.Emailfieldvalidation"/>
  <system-out/>
  <testcase name="validation" time="0.164" classname="in.samco.EmailFieldValidation.Emailfieldvalidation"/>
  <system-out/>
  <testcase name="validation" time="0.154" classname="in.samco.EmailFieldValidation.Emailfieldvalidation"/>
  <system-out/>
  <testcase name="validation" time="0.144" classname="in.samco.EmailFieldValidation.Emailfieldvalidation"/>
  <system-out/>
  <testcase name="validation" time="0.174" classname="in.samco.EmailFieldValidation.Emailfieldvalidation"/>
  <system-out/>
  <testcase name="validation" time="0.158" classname="in.samco.EmailFieldValidation.Emailfieldvalidation"/>
  <system-out/>
</testsuite> <!-- in.samco.EmailFieldValidation.Emailfieldvalidation -->
