<?xml version="1.0" encoding="UTF-8"?>
<!-- Generated by org.testng.reporters.JUnitReportReporter -->
<testsuite skipped="0" hostname="samco-cdc-lt032" name="API.GetEmployeelist" tests="1" failures="0" timestamp="2021-03-19T18:44:35 IST" time="0.090" errors="0">
  <testcase name="verifyemployeelist" time="0.090" classname="API.GetEmployeelist"/>
  <system-out/>
</testsuite> <!-- API.GetEmployeelist -->
