<?xml version="1.0" encoding="UTF-8"?>
<!-- Generated by org.testng.reporters.JUnitReportReporter -->
<testsuite skipped="0" hostname="samco-cdc-lt032" name="API.UpdateEmployee" tests="1" failures="0" timestamp="2021-03-19T18:44:35 IST" time="0.037" errors="0">
  <testcase name="verifyupdateemp" time="0.037" classname="API.UpdateEmployee"/>
  <system-out/>
</testsuite> <!-- API.UpdateEmployee -->
