<?xml version="1.0" encoding="UTF-8"?>
<!-- Generated by org.testng.reporters.JUnitReportReporter -->
<testsuite skipped="0" hostname="samco-cdc-lt032" name="API.Getindividualemployeedata" tests="1" failures="0" timestamp="2021-03-19T18:44:35 IST" time="0.026" errors="0">
  <testcase name="verifyemployeedetails" time="0.026" classname="API.Getindividualemployeedata"/>
  <system-out/>
</testsuite> <!-- API.Getindividualemployeedata -->
